2018-09-17 17-32-16.969 [Info] (main) LOG(INFO)
2018-09-17 17-32-16.969 [Info] (guten tag) LOG(INFO, "guten tag")
2018-09-17 17-32-16.969 [Info] (guten tag) LOG(INFO) << TAG("guten tag")
2018-09-17 17-32-16.969 [Info] (guten tag) SLOG(INFO)
2018-09-17 17-32-16.970 [Info] (guten tag) LOG(INFO) << AixLog::Type::special
2018-09-17 17-32-16.970 [Info] (guten tag) LOG(INFO) << SPECIAL
2018-09-17 17-32-16.970 [Info] (guten tag) LOG(INFO) << SPECIAL << TAG("guten tag")
2018-09-17 17-32-16.970 [Fatal] (main) LOG(FATAL)
2018-09-17 17-32-16.970 [Fatal] (main) LOG(FATAL) Second line
2018-09-17 17-32-16.970 [Fatal] (hello) LOG(FATAL) << TAG("hello") no line breakLOG(FATAL) 2 no line break
2018-09-17 17-32-16.970 [Err] (main) LOG(ERROR): change in log-level will add a line break
2018-09-17 17-32-16.970 [Warn] (main) LOG(WARNING)
2018-09-17 17-32-16.970 [Notice] (main) LOG(NOTICE)
2018-09-17 17-32-16.970 [Info] (main) LOG(INFO)
2018-09-17 17-32-16.970 [Info] (my tag) LOG(INFO) << TAG("my tag")
2018-09-17 17-32-16.970 [Debug] (main) LOG(DEBUG)
2018-09-17 17-32-16.970 [Trace] (main) LOG(TRACE)
2018-09-17 17-32-16.970 [Debug] (main) LOG(DEBUG) will be logged
2018-09-17 17-32-16.970 [Fatal] (main) LOG(FATAL) [31mred[0m, default color
2018-09-17 17-32-16.970 [Fatal] (main) LOG(FATAL) [31mred[0m, default color (using macros)
2018-09-17 17-32-16.970 [Fatal] (main) LOG(FATAL) [33;44myellow on blue background[0m, default color
2018-09-17 17-32-16.970 [Fatal] (main) LOG(FATAL) [33;44myellow on blue background[0m, default color (using macros)
2018-09-17 17-32-16.970 [Debug] (main) LOG(severity) << severity
